0 info it worked if it ends with ok
1 verbose cli [ '/usr/local/bin/node', '/usr/local/bin/npm', 'run', 'service' ]
2 info using npm@3.10.8
3 info using node@v6.4.0
4 verbose run-script [ 'preservice', 'service', 'postservice' ]
5 info lifecycle ducky-web@0.0.0~preservice: ducky-web@0.0.0
6 silly lifecycle ducky-web@0.0.0~preservice: no script for preservice, continuing
7 info lifecycle ducky-web@0.0.0~service: ducky-web@0.0.0
8 verbose lifecycle ducky-web@0.0.0~service: unsafe-perm in lifecycle true
9 verbose lifecycle ducky-web@0.0.0~service: PATH: /usr/local/lib/node_modules/npm/bin/node-gyp-bin:/Users/tommyostgaard/Development/ducky-web/node_modules/.bin:/usr/local/bin:/usr/bin:/bin:/usr/sbin:/sbin
10 verbose lifecycle ducky-web@0.0.0~service: CWD: /Users/tommyostgaard/Development/ducky-web
11 silly lifecycle ducky-web@0.0.0~service: Args: [ '-c',
11 silly lifecycle   'cross-env DUCKY_ENV=ducky-dev node service/updateFirebase/index && cross-env DUCKY_ENV=ducky-dev nodemon service/index.js' ]
12 silly lifecycle ducky-web@0.0.0~service: Returned: code: 1  signal: null
13 info lifecycle ducky-web@0.0.0~service: Failed to exec service script
14 verbose stack Error: ducky-web@0.0.0 service: `cross-env DUCKY_ENV=ducky-dev node service/updateFirebase/index && cross-env DUCKY_ENV=ducky-dev nodemon service/index.js`
14 verbose stack Exit status 1
14 verbose stack     at EventEmitter.<anonymous> (/usr/local/lib/node_modules/npm/lib/utils/lifecycle.js:255:16)
14 verbose stack     at emitTwo (events.js:106:13)
14 verbose stack     at EventEmitter.emit (events.js:191:7)
14 verbose stack     at ChildProcess.<anonymous> (/usr/local/lib/node_modules/npm/lib/utils/spawn.js:40:14)
14 verbose stack     at emitTwo (events.js:106:13)
14 verbose stack     at ChildProcess.emit (events.js:191:7)
14 verbose stack     at maybeClose (internal/child_process.js:852:16)
14 verbose stack     at Process.ChildProcess._handle.onexit (internal/child_process.js:215:5)
15 verbose pkgid ducky-web@0.0.0
16 verbose cwd /Users/tommyostgaard/Development/ducky-web
17 error Darwin 16.3.0
18 error argv "/usr/local/bin/node" "/usr/local/bin/npm" "run" "service"
19 error node v6.4.0
20 error npm  v3.10.8
21 error code ELIFECYCLE
22 error ducky-web@0.0.0 service: `cross-env DUCKY_ENV=ducky-dev node service/updateFirebase/index && cross-env DUCKY_ENV=ducky-dev nodemon service/index.js`
22 error Exit status 1
23 error Failed at the ducky-web@0.0.0 service script 'cross-env DUCKY_ENV=ducky-dev node service/updateFirebase/index && cross-env DUCKY_ENV=ducky-dev nodemon service/index.js'.
23 error Make sure you have the latest version of node.js and npm installed.
23 error If you do, this is most likely a problem with the ducky-web package,
23 error not with npm itself.
23 error Tell the author that this fails on your system:
23 error     cross-env DUCKY_ENV=ducky-dev node service/updateFirebase/index && cross-env DUCKY_ENV=ducky-dev nodemon service/index.js
23 error You can get information on how to open an issue for this project with:
23 error     npm bugs ducky-web
23 error Or if that isn't available, you can get their info via:
23 error     npm owner ls ducky-web
23 error There is likely additional logging output above.
24 verbose exit [ 1, true ]
